"Start of log file."
"C:/Users/14Z980~1/git/UNITYV~1/Assets/Models/STRAWA~1/STRAW_~1.MAX"
"Starting max loading and fbx conversion"
window = undefined
"Settings units"
"Before fbx export"
"After fbx export"
"Finished max loading and fbx conversion"
"C:/Users/14Z980~1/git/UNITYV~1/Assets/Models/CREAMA~1/003.max"
"Starting max loading and fbx conversion"
window = undefined
"Settings units"
"Before fbx export"
"After fbx export"
"Finished max loading and fbx conversion"
"C:/Users/14Z980~1/git/UNITYV~1/Assets/Models/box.max"
"Starting max loading and fbx conversion"
window = undefined
-- MAXScript Callback script Exception:
-- Type error: Call needs function or class, got: undefined
-- MAXScript callstack:
--	thread data: threadID:20640
--	------------------------------------------------------
--	[stack level: 0]
--	In anonymous codeblock
--		Locals:
--			drawText: undefined
--		Externals:
--	------------------------------------------------------
--	[stack level: 1]
--	called from anonymous codeblock
--		Locals:
--			ver: #(21000, 52, 0)
--			exportNormals: false
--			waitpipe: <File:C:\Users\14Z980~1\git\UNITYV~1\Temp\MaxCommandPipe>
--			fileUnits: undefined
--			fbxFilename: "C:/Users/14Z980~1/git/UNITYV~1/Temp/box.fbx"
--			doExport: undefined
--			bakeAnimations: false
--			useFileUnits: true
--			exportTangents: false
--			filename: "C:/Users/14Z980~1/git/UNITYV~1/Assets/Models/box.max"
--		Externals:
--			DialogCallback: Global:DialogCallback : DialogCallback()
--			strip: Global:strip : strip()
--			fileExists: Global:fileExists : fileExists()
--	------------------------------------------------------
--	[stack level: 2]
--	called from top-level
"Settings units"
"Before fbx export"
"After fbx export"
"Finished max loading and fbx conversion"
